<?xml version="1.0" encoding="UTF-8"?>
<project name="TestLinkedList" default="run-tests" basedir=".">
    <property name="src.dir" location="src"/>
    <property name="build.dir" location="build-test"/>
    <property name="classes.dir" location="${build.dir}/classes"/>
    <property name="lib.dir" location="lib"/>

    <path id="classpath">
        <pathelement location="${classes.dir}"/>
        <fileset dir="${lib.dir}" includes="*.jar"/>
    </path>

    <target name="clean">
        <delete dir="${build.dir}"/>
    </target>

    <target name="init">
        <mkdir dir="${build.dir}"/>
        <mkdir dir="${classes.dir}"/>
    </target>

    <target name="compile" depends="init">
        <javac srcdir="${src.dir}" destdir="${classes.dir}" includeantruntime="false">
            <include name="LinkedList.java"/>
            <include name="LinkedListNode.java"/>
            <include name="LinkedListTest.java"/>
            <classpath refid="classpath"/>
        </javac>
    </target>

    <target name="run-tests" depends="compile">
        <junit printsummary="yes" haltonfailure="yes">
            <classpath refid="classpath"/>
            <formatter type="plain" usefile="false"/>
            <test name="LinkedListTest"/>
        </junit>
    </target>
</project>